
[2025-12-23T03:15:58.880Z] INFO: Application started successfully
[2025-12-23T03:15:58.880Z] DEBUG: Configuration loaded from .env
[2025-12-23T03:15:58.880Z] INFO: Database connection established
[2025-12-23T03:15:58.880Z] INFO: Server listening on port 3000
[2025-12-23T03:15:58.880Z] DEBUG: All pre-start checks completed
cmFpX2luZW5xcWVyZmZ6cmdldnBmcWViY2NycQ
cmFpXzAxUnJBbXFxQ0VsQUFSa0RIcWdOeldzNg
ZngtbmFnLWJuZzAxLTJ0NVl2R09OSVNyc3pKR1RmY3pQODdMRDQ4M1NOQUFjMEJ5OV9paDNjUmdxbGdJS0xlSjhMYnowckZBckFIbVJkUTB4OU01RG5RbW5lSTY5X1kwVXdqLWh6Uy1Oak5O
cmFpXzAxUnJBbXFxQ0VsQUFSa0RIcWdOeldzNg
ZngtbmFnLWJuZzAxLTJ0NVl2R09OSVNyc3pKR1RmY3pQODdMRDQ4M1NOQUFjMEJ5OV9paDNjUmdxbGdJS0xlSjhMYnowckZBckFIbVJkUTB4OU01RG5RbW5lSTY5X1kwVXdqLWh6Uy1Oak5O
cmFpXzAxUnJBbXFxQ0VsQUFSa0RIcWdOeldzNg
cmFpXzAxUnJBbXFxQ0VsQUFSa0RIcWdOeldzNg
cmFpXzAxUnJBbXFxQ0VsQUFSa0RIcWdOeldzNg
cmFpXzAxUnJBbXFxQ0VsQUFSa0RIcWdOeldzNg
cmFpXzAxUnJBbXFxQ0VsQUFSa0RIcWdOeldzNg
ZngtbmFnLWJuZzAxLTJ0NVl2R09OSVNyc3pKR1RmY3pQODdMRDQ4M1NOQUFjMEJ5OV9paDNjUmdxbGdJS0xlSjhMYnowckZBckFIbVJkUTB4OU01RG5RbW5lSTY5X1kwVXdqLWh6Uy1Oak5O
ZngtbmFnLWJuZzAxLTJ0NVl2R09OSVNyc3pKR1RmY3pQODdMRDQ4M1NOQUFjMEJ5OV9paDNjUmdxbGdJS0xlSjhMYnowckZBckFIbVJkUTB4OU01RG5RbW5lSTY5X1kwVXdqLWh6Uy1Oak5ONjY2NjY2NjY2NjY2Ng
cmFpXzAxUnJBbXFxQ0VsQUFSa0RIcWdOeldzNg
cmFpXzAxUnJBbXFxQ0VsQUFSa0RIcWdOeldzNg
cmFpXzAxUnJBbXFxQ0VsQUFSa0RIcWdOeldzNg
cmFpXzAxUnJBbXFxQ0VsQUFSa0RIcWdOeldzNg
cmFpXzAxUnJBbXFxQ0VsQUFSa0RIcWdOeldzNg
cmFpXzAxUnJBbXFxQ0VsQUFSa0RIcWdOeldzNg
cmFpXzAxUnJBbXFxQ0VsQUFSa0RIcWdOeldzNg
cmFpXzAxUnJBbXFxQ0VsQUFSa0RIcWdOeldzNg
